<?xml version="1.0" encoding="UTF-8"?>
<testsuite xmlns:xsi="http://www.w3.org/2001/XMLSchema-instance" xsi:noNamespaceSchemaLocation="https://maven.apache.org/surefire/maven-surefire-plugin/xsd/surefire-test-report.xsd" version="3.0.1" name="es.upm.grise.profundizacion.order.OrderTest" time="0.218" tests="10" errors="0" skipped="0" failures="0">
  <properties>
[...]
</properties>
  <testcase name="testConstructorInitializesEmptyItemsList" classname="es.upm.grise.profundizacion.order.OrderTest" time="0.103"/>
  <testcase name="testAddItemSameProductDifferentPriceAddsNewItem" classname="es.upm.grise.profundizacion.order.OrderTest" time="0.013"/>
  <testcase name="testAddItemSameProductSamePriceIncrementsQuantity" classname="es.upm.grise.profundizacion.order.OrderTest" time="0.005"/>
  <testcase name="testAddItemWithZeroQuantity" classname="es.upm.grise.profundizacion.order.OrderTest" time="0.004"/>
  <testcase name="testAddItemWithZeroPrice" classname="es.upm.grise.profundizacion.order.OrderTest" time="0.003"/>
  <testcase name="testAddItemDifferentProductsAddsMultipleItems" classname="es.upm.grise.profundizacion.order.OrderTest" time="0.004"/>
  <testcase name="testAddItemWithNegativePrice" classname="es.upm.grise.profundizacion.order.OrderTest" time="0.002"/>
  <testcase name="testAddItemWithNegativeQuantity" classname="es.upm.grise.profundizacion.order.OrderTest" time="0.003"/>
  <testcase name="testAddItemMultipleSameProductSamePriceCumulatesQuantity" classname="es.upm.grise.profundizacion.order.OrderTest" time="0.002"/>
  <testcase name="testAddItemWithValidData" classname="es.upm.grise.profundizacion.order.OrderTest" time="0.002"/>
</testsuite>